<?xml version="1.0" encoding="UTF-8"?>
<!-- Generated by org.testng.reporters.JUnitXMLReporter -->
<testsuite ignored="0" hostname="LAPTOP-UKVPBA52" failures="0" tests="3" name="Test" time="7.497" errors="0" timestamp="2023-05-23T17:56:20 IST">
  <testcase classname="TestClassPackage.post_Tc_1" name="execute" time="4.351"/>
  <testcase classname="TestClassPackage.post_Tc_2" name="execute" time="1.537"/>
  <testcase classname="TestClassPackage.post_Tc_3" name="execute" time="1.494"/>
</testsuite> <!-- Test -->
