<?xml version="1.0" encoding="UTF-8"?>
<testng-results ignored="0" total="3" passed="3" failed="0" skipped="0">
  <reporter-output>
  </reporter-output>
  <suite started-at="2023-05-23T17:56:12 IST" name="Suite" finished-at="2023-05-23T17:56:20 IST" duration-ms="7497">
    <groups>
    </groups>
    <test started-at="2023-05-23T17:56:12 IST" name="Test" finished-at="2023-05-23T17:56:20 IST" duration-ms="7497">
      <class name="TestClassPackage.post_Tc_3">
        <test-method signature="execute()[pri:0, instance:TestClassPackage.post_Tc_3@6f19ac19]" started-at="2023-05-23T17:56:18 IST" name="execute" finished-at="2023-05-23T17:56:20 IST" duration-ms="1494" status="PASS">
          <reporter-output>
          </reporter-output>
        </test-method> <!-- execute -->
      </class> <!-- TestClassPackage.post_Tc_3 -->
      <class name="TestClassPackage.post_Tc_1">
        <test-method signature="execute()[pri:0, instance:TestClassPackage.post_Tc_1@68dc098b]" started-at="2023-05-23T17:56:12 IST" name="execute" finished-at="2023-05-23T17:56:17 IST" duration-ms="4351" status="PASS">
          <reporter-output>
          </reporter-output>
        </test-method> <!-- execute -->
      </class> <!-- TestClassPackage.post_Tc_1 -->
      <class name="TestClassPackage.post_Tc_2">
        <test-method signature="execute()[pri:0, instance:TestClassPackage.post_Tc_2@1bd39d3c]" started-at="2023-05-23T17:56:17 IST" name="execute" finished-at="2023-05-23T17:56:18 IST" duration-ms="1537" status="PASS">
          <reporter-output>
          </reporter-output>
        </test-method> <!-- execute -->
      </class> <!-- TestClassPackage.post_Tc_2 -->
    </test> <!-- Test -->
  </suite> <!-- Suite -->
</testng-results>
